<?xml version="1.0" encoding="UTF-8"?>
<testsuite name="reactive.ReactiveTest" tests="3" skipped="0" failures="0" errors="0" timestamp="2020-03-23T12:17:55" hostname="MacBook-Pro-Vadim.local" time="0.17">
  <properties/>
  <testcase name="testGetUser" classname="reactive.ReactiveTest" time="0.148"/>
  <testcase name="testGetProduct" classname="reactive.ReactiveTest" time="0.007"/>
  <testcase name="testConversion" classname="reactive.ReactiveTest" time="0.012"/>
  <system-out><![CDATA[]]></system-out>
  <system-err><![CDATA[]]></system-err>
</testsuite>
